<?xml version="1.0" encoding="UTF-8"?>
<!-- Generated by org.testng.reporters.JUnitXMLReporter -->
<testsuite ignored="1" hostname="DESKTOP-V6LFOIA" failures="0" tests="1" name="Default test" time="9.906" errors="0" timestamp="2023-03-19T23:41:12 IST">
  <testcase classname="jalaacademy.JALAEMPLOYERDETAILS" name="CREATEWITHOUTDETAILS" time="3.022"/>
  <testcase classname="jalaacademy.JALAEMPLOYERDETAILS" name="CREATEVALIDEMPLOYEEDETAILS" time="0.0">
    <ignored/>
  </testcase> <!-- CREATEVALIDEMPLOYEEDETAILS -->
</testsuite> <!-- Default test -->
