<?xml version="1.0" encoding="UTF-8"?>
<!-- Generated by org.testng.reporters.JUnitXMLReporter -->
<testsuite ignored="0" hostname="DESKTOP-V6LFOIA" failures="0" tests="18" name="Test" time="137.704" errors="0" timestamp="2023-03-19T23:43:46 IST">
  <testcase classname="jalaacademy.LOGIN_JALA" name="LOGINwithvalidcredentials" time="2.925"/>
  <testcase classname="jalaacademy.LOGIN_JALA" name="LOGINinvalidcredentails" time="0.483"/>
  <testcase classname="jalaacademy.LOGIN_JALA" name="LOGINvalidgmailandinvalidpassword" time="0.47"/>
  <testcase classname="jalaacademy.LOGIN_JALA" name="LOGINinvalidgmailandvalidpassword" time="0.432"/>
  <testcase classname="jalaacademy.LOGIN_JALA" name="LOGINwithoutanycredentials" time="0.223"/>
  <testcase classname="jalaacademy.JALA_MORE_OPTIONS" name="MENU" time="0.591"/>
  <testcase classname="jalaacademy.JALA_MORE_OPTIONS" name="MULTITABS" time="0.366"/>
  <testcase classname="jalaacademy.JALA_MORE_OPTIONS" name="COLLAPSIBLE_CONTENT" time="0.591"/>
  <testcase classname="jalaacademy.JALA_MORE_OPTIONS" name="AUTOCOMPLETE" time="2.356"/>
  <testcase classname="jalaacademy.JALA_MORE_OPTIONS" name="IMAGE" time="6.808"/>
  <testcase classname="jalaacademy.JALA_MORE_OPTIONS" name="CSS_PROPERTIES" time="3.933"/>
  <testcase classname="jalaacademy.JALA_MORE_OPTIONS" name="LINKS" time="0.874"/>
  <testcase classname="jalaacademy.JALA_MORE_OPTIONS" name="TOOLTIPS" time="0.704"/>
  <testcase classname="jalaacademy.JALA_MORE_OPTIONS" name="POPUPS" time="1.072"/>
  <testcase classname="jalaacademy.JALA_MORE_OPTIONS" name="IFRAMES" time="4.381"/>
  <testcase classname="jalaacademy.JALASEARCHEMPLOYERDETAILS" name="SEARCHDETAILS" time="3.601"/>
  <testcase classname="jalaacademy.JALAEMPLOYERDETAILS" name="CREATEVALIDEMPLOYEEDETAILS" time="0.982"/>
  <testcase classname="jalaacademy.JALAEMPLOYERDETAILS" name="CREATEWITHOUTDETAILS" time="2.9"/>
</testsuite> <!-- Test -->
