<?xml version="1.0" encoding="UTF-8"?>
<testng-results ignored="0" total="18" passed="18" failed="0" skipped="0">
  <reporter-output>
  </reporter-output>
  <suite started-at="2023-03-19T23:41:29 IST" name="Suite" finished-at="2023-03-19T23:43:46 IST" duration-ms="137704">
    <groups>
    </groups>
    <test started-at="2023-03-19T23:41:29 IST" name="Test" finished-at="2023-03-19T23:43:46 IST" duration-ms="137704">
      <class name="jalaacademy.LOGIN_JALA">
        <test-method is-config="true" signature="setup()[pri:0, instance:jalaacademy.LOGIN_JALA@6ae5aa72]" started-at="2023-03-19T23:41:29 IST" name="setup" finished-at="2023-03-19T23:41:34 IST" duration-ms="5056" status="PASS">
          <reporter-output>
          </reporter-output>
        </test-method> <!-- setup -->
        <test-method signature="LOGINwithvalidcredentials()[pri:1, instance:jalaacademy.LOGIN_JALA@6ae5aa72]" started-at="2023-03-19T23:41:34 IST" name="LOGINwithvalidcredentials" finished-at="2023-03-19T23:41:37 IST" duration-ms="2925" status="PASS">
          <reporter-output>
          </reporter-output>
        </test-method> <!-- LOGINwithvalidcredentials -->
        <test-method is-config="true" signature="teardown()[pri:0, instance:jalaacademy.LOGIN_JALA@6ae5aa72]" started-at="2023-03-19T23:41:37 IST" name="teardown" finished-at="2023-03-19T23:41:37 IST" duration-ms="314" status="PASS">
          <reporter-output>
          </reporter-output>
        </test-method> <!-- teardown -->
        <test-method is-config="true" signature="setup()[pri:0, instance:jalaacademy.LOGIN_JALA@6ae5aa72]" started-at="2023-03-19T23:41:37 IST" name="setup" finished-at="2023-03-19T23:41:42 IST" duration-ms="4765" status="PASS">
          <reporter-output>
          </reporter-output>
        </test-method> <!-- setup -->
        <test-method signature="LOGINinvalidcredentails()[pri:2, instance:jalaacademy.LOGIN_JALA@6ae5aa72]" started-at="2023-03-19T23:41:42 IST" name="LOGINinvalidcredentails" finished-at="2023-03-19T23:41:43 IST" duration-ms="483" status="PASS">
          <reporter-output>
          </reporter-output>
        </test-method> <!-- LOGINinvalidcredentails -->
        <test-method is-config="true" signature="teardown()[pri:0, instance:jalaacademy.LOGIN_JALA@6ae5aa72]" started-at="2023-03-19T23:41:43 IST" name="teardown" finished-at="2023-03-19T23:41:43 IST" duration-ms="332" status="PASS">
          <reporter-output>
          </reporter-output>
        </test-method> <!-- teardown -->
        <test-method is-config="true" signature="setup()[pri:0, instance:jalaacademy.LOGIN_JALA@6ae5aa72]" started-at="2023-03-19T23:41:43 IST" name="setup" finished-at="2023-03-19T23:41:49 IST" duration-ms="6490" status="PASS">
          <reporter-output>
          </reporter-output>
        </test-method> <!-- setup -->
        <test-method signature="LOGINvalidgmailandinvalidpassword()[pri:3, instance:jalaacademy.LOGIN_JALA@6ae5aa72]" started-at="2023-03-19T23:41:49 IST" name="LOGINvalidgmailandinvalidpassword" finished-at="2023-03-19T23:41:50 IST" duration-ms="470" status="PASS">
          <reporter-output>
          </reporter-output>
        </test-method> <!-- LOGINvalidgmailandinvalidpassword -->
        <test-method is-config="true" signature="teardown()[pri:0, instance:jalaacademy.LOGIN_JALA@6ae5aa72]" started-at="2023-03-19T23:41:50 IST" name="teardown" finished-at="2023-03-19T23:41:50 IST" duration-ms="314" status="PASS">
          <reporter-output>
          </reporter-output>
        </test-method> <!-- teardown -->
        <test-method is-config="true" signature="setup()[pri:0, instance:jalaacademy.LOGIN_JALA@6ae5aa72]" started-at="2023-03-19T23:41:50 IST" name="setup" finished-at="2023-03-19T23:41:54 IST" duration-ms="3906" status="PASS">
          <reporter-output>
          </reporter-output>
        </test-method> <!-- setup -->
        <test-method signature="LOGINinvalidgmailandvalidpassword()[pri:4, instance:jalaacademy.LOGIN_JALA@6ae5aa72]" started-at="2023-03-19T23:41:54 IST" name="LOGINinvalidgmailandvalidpassword" finished-at="2023-03-19T23:41:54 IST" duration-ms="432" status="PASS">
          <reporter-output>
          </reporter-output>
        </test-method> <!-- LOGINinvalidgmailandvalidpassword -->
        <test-method is-config="true" signature="teardown()[pri:0, instance:jalaacademy.LOGIN_JALA@6ae5aa72]" started-at="2023-03-19T23:41:54 IST" name="teardown" finished-at="2023-03-19T23:41:55 IST" duration-ms="306" status="PASS">
          <reporter-output>
          </reporter-output>
        </test-method> <!-- teardown -->
        <test-method is-config="true" signature="setup()[pri:0, instance:jalaacademy.LOGIN_JALA@6ae5aa72]" started-at="2023-03-19T23:41:55 IST" name="setup" finished-at="2023-03-19T23:42:00 IST" duration-ms="5170" status="PASS">
          <reporter-output>
          </reporter-output>
        </test-method> <!-- setup -->
        <test-method signature="LOGINwithoutanycredentials()[pri:5, instance:jalaacademy.LOGIN_JALA@6ae5aa72]" started-at="2023-03-19T23:42:00 IST" name="LOGINwithoutanycredentials" finished-at="2023-03-19T23:42:00 IST" duration-ms="223" status="PASS">
          <reporter-output>
          </reporter-output>
        </test-method> <!-- LOGINwithoutanycredentials -->
        <test-method is-config="true" signature="teardown()[pri:0, instance:jalaacademy.LOGIN_JALA@6ae5aa72]" started-at="2023-03-19T23:42:00 IST" name="teardown" finished-at="2023-03-19T23:42:00 IST" duration-ms="296" status="PASS">
          <reporter-output>
          </reporter-output>
        </test-method> <!-- teardown -->
      </class> <!-- jalaacademy.LOGIN_JALA -->
      <class name="jalaacademy.JALASEARCHEMPLOYERDETAILS">
        <test-method is-config="true" signature="beforeMethod()[pri:0, instance:jalaacademy.JALASEARCHEMPLOYERDETAILS@4f83df68]" started-at="2023-03-19T23:43:22 IST" name="beforeMethod" finished-at="2023-03-19T23:43:26 IST" duration-ms="4121" status="PASS">
          <reporter-output>
          </reporter-output>
        </test-method> <!-- beforeMethod -->
        <test-method signature="SEARCHDETAILS()[pri:0, instance:jalaacademy.JALASEARCHEMPLOYERDETAILS@4f83df68]" started-at="2023-03-19T23:43:26 IST" name="SEARCHDETAILS" finished-at="2023-03-19T23:43:30 IST" duration-ms="3601" status="PASS">
          <reporter-output>
          </reporter-output>
        </test-method> <!-- SEARCHDETAILS -->
        <test-method is-config="true" signature="afterMethod()[pri:0, instance:jalaacademy.JALASEARCHEMPLOYERDETAILS@4f83df68]" started-at="2023-03-19T23:43:30 IST" name="afterMethod" finished-at="2023-03-19T23:43:30 IST" duration-ms="390" status="PASS">
          <reporter-output>
          </reporter-output>
        </test-method> <!-- afterMethod -->
      </class> <!-- jalaacademy.JALASEARCHEMPLOYERDETAILS -->
      <class name="jalaacademy.JALA_MORE_OPTIONS">
        <test-method is-config="true" signature="setup()[pri:0, instance:jalaacademy.JALA_MORE_OPTIONS@55183b20]" started-at="2023-03-19T23:42:00 IST" name="setup" finished-at="2023-03-19T23:42:05 IST" duration-ms="4983" status="PASS">
          <reporter-output>
          </reporter-output>
        </test-method> <!-- setup -->
        <test-method signature="MENU()[pri:1, instance:jalaacademy.JALA_MORE_OPTIONS@55183b20]" started-at="2023-03-19T23:42:05 IST" name="MENU" finished-at="2023-03-19T23:42:06 IST" duration-ms="591" status="PASS">
          <reporter-output>
          </reporter-output>
        </test-method> <!-- MENU -->
        <test-method is-config="true" signature="teardown()[pri:0, instance:jalaacademy.JALA_MORE_OPTIONS@55183b20]" started-at="2023-03-19T23:42:06 IST" name="teardown" finished-at="2023-03-19T23:42:06 IST" duration-ms="313" status="PASS">
          <reporter-output>
          </reporter-output>
        </test-method> <!-- teardown -->
        <test-method is-config="true" signature="setup()[pri:0, instance:jalaacademy.JALA_MORE_OPTIONS@55183b20]" started-at="2023-03-19T23:42:06 IST" name="setup" finished-at="2023-03-19T23:42:13 IST" duration-ms="6499" status="PASS">
          <reporter-output>
          </reporter-output>
        </test-method> <!-- setup -->
        <test-method signature="MULTITABS()[pri:2, instance:jalaacademy.JALA_MORE_OPTIONS@55183b20]" started-at="2023-03-19T23:42:13 IST" name="MULTITABS" finished-at="2023-03-19T23:42:13 IST" duration-ms="366" status="PASS">
          <reporter-output>
          </reporter-output>
        </test-method> <!-- MULTITABS -->
        <test-method is-config="true" signature="teardown()[pri:0, instance:jalaacademy.JALA_MORE_OPTIONS@55183b20]" started-at="2023-03-19T23:42:13 IST" name="teardown" finished-at="2023-03-19T23:42:14 IST" duration-ms="309" status="PASS">
          <reporter-output>
          </reporter-output>
        </test-method> <!-- teardown -->
        <test-method is-config="true" signature="setup()[pri:0, instance:jalaacademy.JALA_MORE_OPTIONS@55183b20]" started-at="2023-03-19T23:42:14 IST" name="setup" finished-at="2023-03-19T23:42:19 IST" duration-ms="5066" status="PASS">
          <reporter-output>
          </reporter-output>
        </test-method> <!-- setup -->
        <test-method signature="COLLAPSIBLE_CONTENT()[pri:3, instance:jalaacademy.JALA_MORE_OPTIONS@55183b20]" started-at="2023-03-19T23:42:19 IST" name="COLLAPSIBLE_CONTENT" finished-at="2023-03-19T23:42:19 IST" duration-ms="591" status="PASS">
          <reporter-output>
          </reporter-output>
        </test-method> <!-- COLLAPSIBLE_CONTENT -->
        <test-method is-config="true" signature="teardown()[pri:0, instance:jalaacademy.JALA_MORE_OPTIONS@55183b20]" started-at="2023-03-19T23:42:19 IST" name="teardown" finished-at="2023-03-19T23:42:20 IST" duration-ms="320" status="PASS">
          <reporter-output>
          </reporter-output>
        </test-method> <!-- teardown -->
        <test-method is-config="true" signature="setup()[pri:0, instance:jalaacademy.JALA_MORE_OPTIONS@55183b20]" started-at="2023-03-19T23:42:20 IST" name="setup" finished-at="2023-03-19T23:42:26 IST" duration-ms="6150" status="PASS">
          <reporter-output>
          </reporter-output>
        </test-method> <!-- setup -->
        <test-method signature="AUTOCOMPLETE()[pri:4, instance:jalaacademy.JALA_MORE_OPTIONS@55183b20]" started-at="2023-03-19T23:42:26 IST" name="AUTOCOMPLETE" finished-at="2023-03-19T23:42:28 IST" duration-ms="2356" status="PASS">
          <reporter-output>
          </reporter-output>
        </test-method> <!-- AUTOCOMPLETE -->
        <test-method is-config="true" signature="teardown()[pri:0, instance:jalaacademy.JALA_MORE_OPTIONS@55183b20]" started-at="2023-03-19T23:42:28 IST" name="teardown" finished-at="2023-03-19T23:42:28 IST" duration-ms="312" status="PASS">
          <reporter-output>
          </reporter-output>
        </test-method> <!-- teardown -->
        <test-method is-config="true" signature="setup()[pri:0, instance:jalaacademy.JALA_MORE_OPTIONS@55183b20]" started-at="2023-03-19T23:42:28 IST" name="setup" finished-at="2023-03-19T23:42:34 IST" duration-ms="5438" status="PASS">
          <reporter-output>
          </reporter-output>
        </test-method> <!-- setup -->
        <test-method signature="IMAGE()[pri:5, instance:jalaacademy.JALA_MORE_OPTIONS@55183b20]" started-at="2023-03-19T23:42:34 IST" name="IMAGE" finished-at="2023-03-19T23:42:41 IST" duration-ms="6808" status="PASS">
          <reporter-output>
          </reporter-output>
        </test-method> <!-- IMAGE -->
        <test-method is-config="true" signature="teardown()[pri:0, instance:jalaacademy.JALA_MORE_OPTIONS@55183b20]" started-at="2023-03-19T23:42:41 IST" name="teardown" finished-at="2023-03-19T23:42:42 IST" duration-ms="1492" status="PASS">
          <reporter-output>
          </reporter-output>
        </test-method> <!-- teardown -->
        <test-method is-config="true" signature="setup()[pri:0, instance:jalaacademy.JALA_MORE_OPTIONS@55183b20]" started-at="2023-03-19T23:42:42 IST" name="setup" finished-at="2023-03-19T23:42:47 IST" duration-ms="5332" status="PASS">
          <reporter-output>
          </reporter-output>
        </test-method> <!-- setup -->
        <test-method signature="CSS_PROPERTIES()[pri:6, instance:jalaacademy.JALA_MORE_OPTIONS@55183b20]" started-at="2023-03-19T23:42:47 IST" name="CSS_PROPERTIES" finished-at="2023-03-19T23:42:51 IST" duration-ms="3933" status="PASS">
          <reporter-output>
          </reporter-output>
        </test-method> <!-- CSS_PROPERTIES -->
        <test-method is-config="true" signature="teardown()[pri:0, instance:jalaacademy.JALA_MORE_OPTIONS@55183b20]" started-at="2023-03-19T23:42:51 IST" name="teardown" finished-at="2023-03-19T23:42:52 IST" duration-ms="334" status="PASS">
          <reporter-output>
          </reporter-output>
        </test-method> <!-- teardown -->
        <test-method is-config="true" signature="setup()[pri:0, instance:jalaacademy.JALA_MORE_OPTIONS@55183b20]" started-at="2023-03-19T23:42:52 IST" name="setup" finished-at="2023-03-19T23:42:57 IST" duration-ms="5262" status="PASS">
          <reporter-output>
          </reporter-output>
        </test-method> <!-- setup -->
        <test-method signature="LINKS()[pri:7, instance:jalaacademy.JALA_MORE_OPTIONS@55183b20]" started-at="2023-03-19T23:42:57 IST" name="LINKS" finished-at="2023-03-19T23:42:58 IST" duration-ms="874" status="PASS">
          <reporter-output>
          </reporter-output>
        </test-method> <!-- LINKS -->
        <test-method is-config="true" signature="teardown()[pri:0, instance:jalaacademy.JALA_MORE_OPTIONS@55183b20]" started-at="2023-03-19T23:42:58 IST" name="teardown" finished-at="2023-03-19T23:42:58 IST" duration-ms="325" status="PASS">
          <reporter-output>
          </reporter-output>
        </test-method> <!-- teardown -->
        <test-method is-config="true" signature="setup()[pri:0, instance:jalaacademy.JALA_MORE_OPTIONS@55183b20]" started-at="2023-03-19T23:42:58 IST" name="setup" finished-at="2023-03-19T23:43:03 IST" duration-ms="4987" status="PASS">
          <reporter-output>
          </reporter-output>
        </test-method> <!-- setup -->
        <test-method signature="TOOLTIPS()[pri:8, instance:jalaacademy.JALA_MORE_OPTIONS@55183b20]" started-at="2023-03-19T23:43:03 IST" name="TOOLTIPS" finished-at="2023-03-19T23:43:04 IST" duration-ms="704" status="PASS">
          <reporter-output>
          </reporter-output>
        </test-method> <!-- TOOLTIPS -->
        <test-method is-config="true" signature="teardown()[pri:0, instance:jalaacademy.JALA_MORE_OPTIONS@55183b20]" started-at="2023-03-19T23:43:04 IST" name="teardown" finished-at="2023-03-19T23:43:04 IST" duration-ms="346" status="PASS">
          <reporter-output>
          </reporter-output>
        </test-method> <!-- teardown -->
        <test-method is-config="true" signature="setup()[pri:0, instance:jalaacademy.JALA_MORE_OPTIONS@55183b20]" started-at="2023-03-19T23:43:04 IST" name="setup" finished-at="2023-03-19T23:43:09 IST" duration-ms="5127" status="PASS">
          <reporter-output>
          </reporter-output>
        </test-method> <!-- setup -->
        <test-method signature="POPUPS()[pri:9, instance:jalaacademy.JALA_MORE_OPTIONS@55183b20]" started-at="2023-03-19T23:43:09 IST" name="POPUPS" finished-at="2023-03-19T23:43:10 IST" duration-ms="1072" status="PASS">
          <reporter-output>
          </reporter-output>
        </test-method> <!-- POPUPS -->
        <test-method is-config="true" signature="teardown()[pri:0, instance:jalaacademy.JALA_MORE_OPTIONS@55183b20]" started-at="2023-03-19T23:43:10 IST" name="teardown" finished-at="2023-03-19T23:43:11 IST" duration-ms="326" status="PASS">
          <reporter-output>
          </reporter-output>
        </test-method> <!-- teardown -->
        <test-method is-config="true" signature="setup()[pri:0, instance:jalaacademy.JALA_MORE_OPTIONS@55183b20]" started-at="2023-03-19T23:43:11 IST" name="setup" finished-at="2023-03-19T23:43:17 IST" duration-ms="5818" status="PASS">
          <reporter-output>
          </reporter-output>
        </test-method> <!-- setup -->
        <test-method signature="IFRAMES()[pri:10, instance:jalaacademy.JALA_MORE_OPTIONS@55183b20]" started-at="2023-03-19T23:43:17 IST" name="IFRAMES" finished-at="2023-03-19T23:43:21 IST" duration-ms="4381" status="PASS">
          <reporter-output>
          </reporter-output>
        </test-method> <!-- IFRAMES -->
        <test-method is-config="true" signature="teardown()[pri:0, instance:jalaacademy.JALA_MORE_OPTIONS@55183b20]" started-at="2023-03-19T23:43:21 IST" name="teardown" finished-at="2023-03-19T23:43:22 IST" duration-ms="1358" status="PASS">
          <reporter-output>
          </reporter-output>
        </test-method> <!-- teardown -->
      </class> <!-- jalaacademy.JALA_MORE_OPTIONS -->
      <class name="jalaacademy.JALAEMPLOYERDETAILS">
        <test-method is-config="true" signature="setup()[pri:0, instance:jalaacademy.JALAEMPLOYERDETAILS@6cf0e0ba]" started-at="2023-03-19T23:43:30 IST" name="setup" finished-at="2023-03-19T23:43:36 IST" duration-ms="5257" status="PASS">
          <reporter-output>
          </reporter-output>
        </test-method> <!-- setup -->
        <test-method signature="CREATEVALIDEMPLOYEEDETAILS()[pri:1, instance:jalaacademy.JALAEMPLOYERDETAILS@6cf0e0ba]" started-at="2023-03-19T23:43:36 IST" name="CREATEVALIDEMPLOYEEDETAILS" finished-at="2023-03-19T23:43:37 IST" duration-ms="982" status="PASS">
          <reporter-output>
          </reporter-output>
        </test-method> <!-- CREATEVALIDEMPLOYEEDETAILS -->
        <test-method is-config="true" signature="teardown()[pri:0, instance:jalaacademy.JALAEMPLOYERDETAILS@6cf0e0ba]" started-at="2023-03-19T23:43:37 IST" name="teardown" finished-at="2023-03-19T23:43:37 IST" duration-ms="335" status="PASS">
          <reporter-output>
          </reporter-output>
        </test-method> <!-- teardown -->
        <test-method is-config="true" signature="setup()[pri:0, instance:jalaacademy.JALAEMPLOYERDETAILS@6cf0e0ba]" started-at="2023-03-19T23:43:37 IST" name="setup" finished-at="2023-03-19T23:43:43 IST" duration-ms="6134" status="PASS">
          <reporter-output>
          </reporter-output>
        </test-method> <!-- setup -->
        <test-method signature="CREATEWITHOUTDETAILS()[pri:2, instance:jalaacademy.JALAEMPLOYERDETAILS@6cf0e0ba]" started-at="2023-03-19T23:43:43 IST" name="CREATEWITHOUTDETAILS" finished-at="2023-03-19T23:43:46 IST" duration-ms="2900" status="PASS">
          <reporter-output>
          </reporter-output>
        </test-method> <!-- CREATEWITHOUTDETAILS -->
        <test-method is-config="true" signature="teardown()[pri:0, instance:jalaacademy.JALAEMPLOYERDETAILS@6cf0e0ba]" started-at="2023-03-19T23:43:46 IST" name="teardown" finished-at="2023-03-19T23:43:46 IST" duration-ms="329" status="PASS">
          <reporter-output>
          </reporter-output>
        </test-method> <!-- teardown -->
      </class> <!-- jalaacademy.JALAEMPLOYERDETAILS -->
    </test> <!-- Test -->
  </suite> <!-- Suite -->
</testng-results>
